<?xml version="1.0" encoding="UTF-8" ?>
<testsuite errors="0" failures="0" hostname="MacBook-Air-3.local" name="edu.sc.csce747.MeetingPlanner.OrganizationTest" skipped="0" tests="26" time="0.007" timestamp="2025-10-29T14:53:40">
  <properties>
    <property name="ant.library.dir" value="/opt/homebrew/Cellar/ant/1.10.15_1/libexec/lib" />
    <property name="ant.file.type" value="file" />
    <property name="java.specification.version" value="25" />
    <property name="ant.project.name" value="MeetingPlanner" />
    <property name="sun.jnu.encoding" value="UTF-8" />
    <property name="java.class.path" value="/opt/homebrew/Cellar/ant/1.10.15_1/libexec/lib/ant-launcher.jar:/opt/homebrew/share/ant:/opt/homebrew/Cellar/ant/1.10.15_1/libexec/lib/ant-commons-net.jar:/opt/homebrew/Cellar/ant/1.10.15_1/libexec/lib/ant-xz.jar:/opt/homebrew/Cellar/ant/1.10.15_1/libexec/lib/ant-junit4.jar:/opt/homebrew/Cellar/ant/1.10.15_1/libexec/lib/ant-jai.jar:/opt/homebrew/Cellar/ant/1.10.15_1/libexec/lib/ant-apache-resolver.jar:/opt/homebrew/Cellar/ant/1.10.15_1/libexec/lib/ant-jdepend.jar:/opt/homebrew/Cellar/ant/1.10.15_1/libexec/lib/ant-apache-regexp.jar:/opt/homebrew/Cellar/ant/1.10.15_1/libexec/lib/ant-apache-log4j.jar:/opt/homebrew/Cellar/ant/1.10.15_1/libexec/lib/ant-javamail.jar:/opt/homebrew/Cellar/ant/1.10.15_1/libexec/lib/ant-apache-bcel.jar:/opt/homebrew/Cellar/ant/1.10.15_1/libexec/lib/ant.jar:/opt/homebrew/Cellar/ant/1.10.15_1/libexec/lib/ant-netrexx.jar:/opt/homebrew/Cellar/ant/1.10.15_1/libexec/lib/ant-swing.jar:/opt/homebrew/Cellar/ant/1.10.15_1/libexec/lib/ant-jsch.jar:/opt/homebrew/Cellar/ant/1.10.15_1/libexec/lib/ant-junitlauncher.jar:/opt/homebrew/Cellar/ant/1.10.15_1/libexec/lib/ant-jakartamail.jar:/opt/homebrew/Cellar/ant/1.10.15_1/libexec/lib/ivy-2.5.3.jar:/opt/homebrew/Cellar/ant/1.10.15_1/libexec/lib/ant-junit.jar:/opt/homebrew/Cellar/ant/1.10.15_1/libexec/lib/ant-imageio.jar:/opt/homebrew/Cellar/ant/1.10.15_1/libexec/lib/ant-launcher.jar:/opt/homebrew/Cellar/ant/1.10.15_1/libexec/lib/ant-antlr.jar:/opt/homebrew/Cellar/ant/1.10.15_1/libexec/lib/ant-testutil.jar:/opt/homebrew/Cellar/ant/1.10.15_1/libexec/lib/ant-apache-oro.jar:/opt/homebrew/Cellar/ant/1.10.15_1/libexec/lib/bcel-6.10.0.jar:/opt/homebrew/Cellar/ant/1.10.15_1/libexec/lib/ant-jmf.jar:/opt/homebrew/Cellar/ant/1.10.15_1/libexec/lib/ant-apache-xalan2.jar:/opt/homebrew/Cellar/ant/1.10.15_1/libexec/lib/ant-apache-bsf.jar:/opt/homebrew/Cellar/ant/1.10.15_1/libexec/lib/ant-commons-logging.jar" />
    <property name="java.vm.vendor" value="Homebrew" />
    <property name="sun.arch.data.model" value="64" />
    <property name="java.vendor.url" value="https://github.com/Homebrew/homebrew-core/issues" />
    <property name="os.name" value="Mac OS X" />
    <property name="java.vm.specification.version" value="25" />
    <property name="junit.version" value="4.13.2" />
    <property name="sun.java.launcher" value="SUN_STANDARD" />
    <property name="user.country" value="MN" />
    <property name="sun.boot.library.path" value="/opt/homebrew/Cellar/openjdk/25/libexec/openjdk.jdk/Contents/Home/lib" />
    <property name="sun.java.command" value="org.apache.tools.ant.launch.Launcher -cp  -lib /opt/homebrew/share/ant test" />
    <property name="test.classes.dir" value="build/test-classes" />
    <property name="http.nonProxyHosts" value="local|*.local|169.254/16|*.169.254/16" />
    <property name="jdk.debug" value="release" />
    <property name="test.dir" value="src/test/java" />
    <property name="sun.cpu.endian" value="little" />
    <property name="user.home" value="/Users/yesuukhei" />
    <property name="user.language" value="en" />
    <property name="java.specification.vendor" value="Oracle Corporation" />
    <property name="java.version.date" value="2025-09-16" />
    <property name="java.home" value="/opt/homebrew/Cellar/openjdk/25/libexec/openjdk.jdk/Contents/Home" />
    <property name="basedir" value="/Users/yesuukhei/Downloads/MeetingPlanner" />
    <property name="javadoc.dir" value="build/javadoc" />
    <property name="file.separator" value="/" />
    <property name="java.vm.compressedOopsMode" value="Zero based" />
    <property name="line.separator" value="&#xa;" />
    <property name="ant.java.version" value="25" />
    <property name="java.specification.name" value="Java Platform API Specification" />
    <property name="java.vm.specification.vendor" value="Oracle Corporation" />
    <property name="apple.awt.application.name" value="Launcher" />
    <property name="sun.management.compiler" value="HotSpot 64-Bit Tiered Compilers" />
    <property name="ftp.nonProxyHosts" value="local|*.local|169.254/16|*.169.254/16" />
    <property name="java.runtime.version" value="25" />
    <property name="user.name" value="yesuukhei" />
    <property name="ant.file" value="/Users/yesuukhei/Downloads/MeetingPlanner/build.xml" />
    <property name="stdout.encoding" value="UTF-8" />
    <property name="hamcrest.version" value="1.3" />
    <property name="path.separator" value=":" />
    <property name="os.version" value="26.0" />
    <property name="java.runtime.name" value="OpenJDK Runtime Environment" />
    <property name="ant.project.invoked-targets" value="test" />
    <property name="file.encoding" value="UTF-8" />
    <property name="java.vm.name" value="OpenJDK 64-Bit Server VM" />
    <property name="ant.file.type.MeetingPlanner" value="file" />
    <property name="java.vendor.version" value="Homebrew" />
    <property name="dependencies.present" value="true" />
    <property name="test.reports.dir" value="build/test-reports" />
    <property name="build.dir" value="build" />
    <property name="ant.core.lib" value="/opt/homebrew/Cellar/ant/1.10.15_1/libexec/lib/ant.jar" />
    <property name="java.vendor.url.bug" value="https://github.com/Homebrew/homebrew-core/issues" />
    <property name="java.io.tmpdir" value="/var/folders/54/p6n6chn11xd_20j0qgsvkjp00000gp/T/" />
    <property name="java.version" value="25" />
    <property name="user.dir" value="/Users/yesuukhei/Downloads/MeetingPlanner" />
    <property name="os.arch" value="aarch64" />
    <property name="java.vm.specification.name" value="Java Virtual Machine Specification" />
    <property name="ant.file.MeetingPlanner" value="/Users/yesuukhei/Downloads/MeetingPlanner/build.xml" />
    <property name="ant.home" value="/opt/homebrew/Cellar/ant/1.10.15_1/libexec" />
    <property name="lib.dir" value="lib" />
    <property name="native.encoding" value="UTF-8" />
    <property name="ant.version" value="Apache Ant(TM) version 1.10.15 compiled on August 25 2024" />
    <property name="java.library.path" value="/Users/yesuukhei/Library/Java/Extensions:/Library/Java/Extensions:/Network/Library/Java/Extensions:/System/Library/Java/Extensions:/usr/lib/java:." />
    <property name="java.vendor" value="Homebrew" />
    <property name="java.vm.info" value="mixed mode, sharing" />
    <property name="stderr.encoding" value="UTF-8" />
    <property name="java.vm.version" value="25" />
    <property name="stdin.encoding" value="UTF-8" />
    <property name="classes.dir" value="build/classes" />
    <property name="sun.io.unicode.encoding" value="UnicodeBig" />
    <property name="socksNonProxyHosts" value="local|*.local|169.254/16|*.169.254/16" />
    <property name="java.class.version" value="69.0" />
    <property name="src.dir" value="src/main/java" />
    <property name="ant.project.default-target" value="compile" />
  </properties>
  <testcase classname="edu.sc.csce747.MeetingPlanner.OrganizationTest" name="testGetRoom_specialCharacters" time="0.0" />
  <testcase classname="edu.sc.csce747.MeetingPlanner.OrganizationTest" name="testGetRooms" time="0.0" />
  <testcase classname="edu.sc.csce747.MeetingPlanner.OrganizationTest" name="testRoomsListIntegrity" time="0.001" />
  <testcase classname="edu.sc.csce747.MeetingPlanner.OrganizationTest" name="testGetEmployees" time="0.0" />
  <testcase classname="edu.sc.csce747.MeetingPlanner.OrganizationTest" name="testEmployeesListIntegrity" time="0.0" />
  <testcase classname="edu.sc.csce747.MeetingPlanner.OrganizationTest" name="testGetRoom_null" time="0.0" />
  <testcase classname="edu.sc.csce747.MeetingPlanner.OrganizationTest" name="testGetEmployee_specialCharacters" time="0.0" />
  <testcase classname="edu.sc.csce747.MeetingPlanner.OrganizationTest" name="testGetEmployee_null" time="0.0" />
  <testcase classname="edu.sc.csce747.MeetingPlanner.OrganizationTest" name="testGetEmployee_nonexistent" time="0.0" />
  <testcase classname="edu.sc.csce747.MeetingPlanner.OrganizationTest" name="testGetRoom_nonexistent" time="0.001" />
  <testcase classname="edu.sc.csce747.MeetingPlanner.OrganizationTest" name="testGetEmployee_existing" time="0.0" />
  <testcase classname="edu.sc.csce747.MeetingPlanner.OrganizationTest" name="testGetRoom_existing" time="0.0" />
  <testcase classname="edu.sc.csce747.MeetingPlanner.OrganizationTest" name="testGetEmployee_numbersOnly" time="0.0" />
  <testcase classname="edu.sc.csce747.MeetingPlanner.OrganizationTest" name="testGetRoom_numbersOnly" time="0.0" />
  <testcase classname="edu.sc.csce747.MeetingPlanner.OrganizationTest" name="testGetEmployee_existingCsilla" time="0.001" />
  <testcase classname="edu.sc.csce747.MeetingPlanner.OrganizationTest" name="testGetEmployee_existingManton" time="0.0" />
  <testcase classname="edu.sc.csce747.MeetingPlanner.OrganizationTest" name="testGetEmployee_emptyString" time="0.0" />
  <testcase classname="edu.sc.csce747.MeetingPlanner.OrganizationTest" name="testGetRoom_emptyString" time="0.0" />
  <testcase classname="edu.sc.csce747.MeetingPlanner.OrganizationTest" name="testGetEmployee_partialMatch" time="0.0" />
  <testcase classname="edu.sc.csce747.MeetingPlanner.OrganizationTest" name="testGetEmployee_extraSpaces" time="0.0" />
  <testcase classname="edu.sc.csce747.MeetingPlanner.OrganizationTest" name="testGetEmployee_caseSensitive" time="0.001" />
  <testcase classname="edu.sc.csce747.MeetingPlanner.OrganizationTest" name="testGetRoom_partialMatch" time="0.0" />
  <testcase classname="edu.sc.csce747.MeetingPlanner.OrganizationTest" name="testDefaultConstructor" time="0.0" />
  <testcase classname="edu.sc.csce747.MeetingPlanner.OrganizationTest" name="testGetRoom_existing2A02" time="0.0" />
  <testcase classname="edu.sc.csce747.MeetingPlanner.OrganizationTest" name="testGetRoom_existing2A05" time="0.0" />
  <testcase classname="edu.sc.csce747.MeetingPlanner.OrganizationTest" name="testGetRoom_caseSensitive" time="0.001" />
  <system-out><![CDATA[]]></system-out>
  <system-err><![CDATA[]]></system-err>
</testsuite>
